0 info it worked if it ends with ok
1 verbose cli [ 'C:\\Program Files\\nodejs\\node.exe',
1 verbose cli   'C:\\Program Files\\nodejs\\node_modules\\npm\\bin\\npm-cli.js',
1 verbose cli   'run',
1 verbose cli   'lint:watch' ]
2 info using npm@3.10.10
3 info using node@v6.10.3
4 verbose run-script [ 'prelint:watch', 'lint:watch', 'postlint:watch' ]
5 info lifecycle movie-master-service@1.0.0~prelint:watch: movie-master-service@1.0.0
6 silly lifecycle movie-master-service@1.0.0~prelint:watch: no script for prelint:watch, continuing
7 info lifecycle movie-master-service@1.0.0~lint:watch: movie-master-service@1.0.0
8 verbose lifecycle movie-master-service@1.0.0~lint:watch: unsafe-perm in lifecycle true
9 verbose lifecycle movie-master-service@1.0.0~lint:watch: PATH: C:\Program Files\nodejs\node_modules\npm\bin\node-gyp-bin;C:\GIT\MovieMaster\MovieMaster\MovieMaster-Service\node_modules\.bin;C:\Program Files\nodejs\node_modules\npm\bin\node-gyp-bin;C:\GIT\MovieMaster\MovieMaster\MovieMaster-Service\node_modules\.bin;C:\Program Files\Git\mingw64\bin;C:\Program Files\Git\usr\bin;C:\Users\raghavendrat\bin;C:\Program Files\Microsoft MPI\Bin;C:\Python27;C:\Python27\Scripts;C:\WINDOWS\system32;C:\WINDOWS;C:\WINDOWS\System32\Wbem;C:\WINDOWS\System32\WindowsPowerShell\v1.0;C:\Program Files\Microsoft SQL Server\110\Tools\Binn;C:\Program Files\Microsoft SQL Server\110\DTS\Binn;C:\Program Files (x86)\Microsoft SQL Server\110\Tools\Binn;C:\Program Files (x86)\Microsoft SQL Server\110\Tools\Binn\ManagementStudio;C:\Program Files (x86)\Microsoft Visual Studio 10.0\Common7\IDE\PrivateAssemblies;C:\Program Files (x86)\Microsoft SQL Server\110\DTS\Binn;C:\Program Files\Microsoft\Web Platform Installer;C:\WINDOWS\System32\WindowsPowerShell\v1.0;C:\Program Files (x86)\Skype\Phone;C:\Program Files\TortoiseGit\bin;C:\Program Files (x86)\Microsoft SDKs\TypeScript\1.0;C:\Program Files\Microsoft SQL Server\120\Tools\Binn;C:\Users\raghavendrat\AppData\Roaming\Python\Scripts;C:\Program Files (x86)\LINQPad5;C:\Program Files\Git\cmd;C:\Program Files\nodejs;C:\Program Files\Microsoft SQL Server\130\Tools\Binn;C:\Program Files\dotnet;C:\Users\raghavendrat\AppData\Local\atom\bin;C:\Users\raghavendrat\AppData\Roaming\Python\Scripts;C:\Program Files (x86)\Microsoft VS Code\bin;C:\Users\raghavendrat\AppData\Roaming\npm;C:\Program Files\nodejs
10 verbose lifecycle movie-master-service@1.0.0~lint:watch: CWD: C:\GIT\MovieMaster\MovieMaster\MovieMaster-Service
11 silly lifecycle movie-master-service@1.0.0~lint:watch: Args: [ '/d /s /c', 'npm run lint -- --watch' ]
12 silly lifecycle movie-master-service@1.0.0~lint:watch: Returned: code: 1  signal: null
13 info lifecycle movie-master-service@1.0.0~lint:watch: Failed to exec lint:watch script
14 verbose stack Error: movie-master-service@1.0.0 lint:watch: `npm run lint -- --watch`
14 verbose stack Exit status 1
14 verbose stack     at EventEmitter.<anonymous> (C:\Program Files\nodejs\node_modules\npm\lib\utils\lifecycle.js:255:16)
14 verbose stack     at emitTwo (events.js:106:13)
14 verbose stack     at EventEmitter.emit (events.js:191:7)
14 verbose stack     at ChildProcess.<anonymous> (C:\Program Files\nodejs\node_modules\npm\lib\utils\spawn.js:40:14)
14 verbose stack     at emitTwo (events.js:106:13)
14 verbose stack     at ChildProcess.emit (events.js:191:7)
14 verbose stack     at maybeClose (internal/child_process.js:886:16)
14 verbose stack     at Process.ChildProcess._handle.onexit (internal/child_process.js:226:5)
15 verbose pkgid movie-master-service@1.0.0
16 verbose cwd C:\GIT\MovieMaster\MovieMaster\MovieMaster-Service
17 error Windows_NT 10.0.10586
18 error argv "C:\\Program Files\\nodejs\\node.exe" "C:\\Program Files\\nodejs\\node_modules\\npm\\bin\\npm-cli.js" "run" "lint:watch"
19 error node v6.10.3
20 error npm  v3.10.10
21 error code ELIFECYCLE
22 error movie-master-service@1.0.0 lint:watch: `npm run lint -- --watch`
22 error Exit status 1
23 error Failed at the movie-master-service@1.0.0 lint:watch script 'npm run lint -- --watch'.
23 error Make sure you have the latest version of node.js and npm installed.
23 error If you do, this is most likely a problem with the movie-master-service package,
23 error not with npm itself.
23 error Tell the author that this fails on your system:
23 error     npm run lint -- --watch
23 error You can get information on how to open an issue for this project with:
23 error     npm bugs movie-master-service
23 error Or if that isn't available, you can get their info via:
23 error     npm owner ls movie-master-service
23 error There is likely additional logging output above.
24 verbose exit [ 1, true ]
